{"name": "test_checkout_without_info", "status": "broken", "statusDetails": {"message": "selenium.common.exceptions.NoSuchElementException: Message: no such element: Unable to locate element: {\"method\":\"css selector\",\"selector\":\"[id=\"checkout\"]\"}\n  (Session info: chrome=139.0.7258.138); For documentation on this error, please visit: https://www.selenium.dev/documentation/webdriver/troubleshooting/errors#nosuchelementexception\nStacktrace:\n\tGetHandleVerifier [0x0x7ff66f5978d5+2802741]\n\tGetHandleVerifier [0x0x7ff66f2feb70+79568]\n\t(No symbol) [0x0x7ff66f09c0fa]\n\t(No symbol) [0x0x7ff66f0f2a96]\n\t(No symbol) [0x0x7ff66f0f2d4c]\n\t(No symbol) [0x0x7ff66f146017]\n\t(No symbol) [0x0x7ff66f11accf]\n\t(No symbol) [0x0x7ff66f142e24]\n\t(No symbol) [0x0x7ff66f11aa63]\n\t(No symbol) [0x0x7ff66f0e3c91]\n\t(No symbol) [0x0x7ff66f0e4a23]\n\tGetHandleVerifier [0x0x7ff66f5c2ced+2979917]\n\tGetHandleVerifier [0x0x7ff66f5bd0f3+2956371]\n\tGetHandleVerifier [0x0x7ff66f5dacbd+3078173]\n\tGetHandleVerifier [0x0x7ff66f31836e+184014]\n\tGetHandleVerifier [0x0x7ff66f32024f+216495]\n\tGetHandleVerifier [0x0x7ff66f3070c4+113700]\n\tGetHandleVerifier [0x0x7ff66f307279+114137]\n\tGetHandleVerifier [0x0x7ff66f2edf78+10968]\n\tBaseThreadInitThunk [0x0x7ff8384a7374+20]\n\tRtlUserThreadStart [0x0x7ff83873cc91+33]", "trace": "browser = <selenium.webdriver.chrome.webdriver.WebDriver (session=\"1fc33eec5645574ee9e74671a8c01c75\")>\n\n    @pytest.mark.ui\n    @allure.feature(\"UI\")\n    @allure.story(\"Оформление заказа\")\n    def test_checkout_without_info(browser):\n        from pages.login_page import LoginPage\n        from pages.inventory_page import InventoryPage\n        from pages.cart_page import CartPage\n        from pages.checkout_page import CheckoutPage\n    \n        login_page = LoginPage(browser)\n        login_page.open()\n        login_page.login(\"standard_user\", \"secret_sauce\")\n    \n        inventory_page = InventoryPage(browser)\n        inventory_page.add_item_to_cart()\n        inventory_page.go_to_cart()\n    \n        cart_page = CartPage(browser)\n>       cart_page.checkout()\n\ntests\\ui\\test_checkout.py:51: \n_ _ _ _ _ _ _ _ _ _ _ _ _ _ _ _ _ _ _ _ _ _ _ _ _ _ _ _ _ _ _ _ _ _ _ _ _ _ _ _ _ _ _ _ _ _ _ _ _ _ _ _ _ _ _ _ _ _ _ _ _ _ _ _ _ _ _ _ \npages\\cart_page.py:16: in checkout\n    self.driver.find_element(By.ID, \"checkout\").click()\n.venv\\lib\\site-packages\\selenium\\webdriver\\remote\\webdriver.py:926: in find_element\n    return self.execute(Command.FIND_ELEMENT, {\"using\": by, \"value\": value})[\"value\"]\n.venv\\lib\\site-packages\\selenium\\webdriver\\remote\\webdriver.py:458: in execute\n    self.error_handler.check_response(response)\n_ _ _ _ _ _ _ _ _ _ _ _ _ _ _ _ _ _ _ _ _ _ _ _ _ _ _ _ _ _ _ _ _ _ _ _ _ _ _ _ _ _ _ _ _ _ _ _ _ _ _ _ _ _ _ _ _ _ _ _ _ _ _ _ _ _ _ _ \n\nself = <selenium.webdriver.remote.errorhandler.ErrorHandler object at 0x0000022C7BD14880>\nresponse = {'status': 404, 'value': '{\"value\":{\"error\":\"no such element\",\"message\":\"no such element: Unable to locate element: {\\...ff66f2edf78+10968]\\\\n\\\\tBaseThreadInitThunk [0x0x7ff8384a7374+20]\\\\n\\\\tRtlUserThreadStart [0x0x7ff83873cc91+33]\\\\n\"}}'}\n\n    def check_response(self, response: dict[str, Any]) -> None:\n        \"\"\"Checks that a JSON response from the WebDriver does not have an\n        error.\n    \n        :Args:\n         - response - The JSON response from the WebDriver server as a dictionary\n           object.\n    \n        :Raises: If the response contains an error message.\n        \"\"\"\n        status = response.get(\"status\", None)\n        if not status or status == ErrorCode.SUCCESS:\n            return\n        value = None\n        message = response.get(\"message\", \"\")\n        screen: str = response.get(\"screen\", \"\")\n        stacktrace = None\n        if isinstance(status, int):\n            value_json = response.get(\"value\", None)\n            if value_json and isinstance(value_json, str):\n                try:\n                    value = json.loads(value_json)\n                    if isinstance(value, dict):\n                        if len(value) == 1:\n                            value = value[\"value\"]\n                        status = value.get(\"error\", None)\n                        if not status:\n                            status = value.get(\"status\", ErrorCode.UNKNOWN_ERROR)\n                            message = value.get(\"value\") or value.get(\"message\")\n                            if not isinstance(message, str):\n                                value = message\n                                message = message.get(\"message\")\n                        else:\n                            message = value.get(\"message\", None)\n                except ValueError:\n                    pass\n    \n        exception_class: type[WebDriverException]\n        e = ErrorCode()\n        error_codes = [item for item in dir(e) if not item.startswith(\"__\")]\n        for error_code in error_codes:\n            error_info = getattr(ErrorCode, error_code)\n            if isinstance(error_info, list) and status in error_info:\n                exception_class = getattr(ExceptionMapping, error_code, WebDriverException)\n                break\n        else:\n            exception_class = WebDriverException\n    \n        if not value:\n            value = response[\"value\"]\n        if isinstance(value, str):\n            raise exception_class(value)\n        if message == \"\" and \"message\" in value:\n            message = value[\"message\"]\n    \n        screen = None  # type: ignore[assignment]\n        if \"screen\" in value:\n            screen = value[\"screen\"]\n    \n        stacktrace = None\n        st_value = value.get(\"stackTrace\") or value.get(\"stacktrace\")\n        if st_value:\n            if isinstance(st_value, str):\n                stacktrace = st_value.split(\"\\n\")\n            else:\n                stacktrace = []\n                try:\n                    for frame in st_value:\n                        line = frame.get(\"lineNumber\", \"\")\n                        file = frame.get(\"fileName\", \"<anonymous>\")\n                        if line:\n                            file = f\"{file}:{line}\"\n                        meth = frame.get(\"methodName\", \"<anonymous>\")\n                        if \"className\" in frame:\n                            meth = f\"{frame['className']}.{meth}\"\n                        msg = \"    at %s (%s)\"\n                        msg = msg % (meth, file)\n                        stacktrace.append(msg)\n                except TypeError:\n                    pass\n        if exception_class == UnexpectedAlertPresentException:\n            alert_text = None\n            if \"data\" in value:\n                alert_text = value[\"data\"].get(\"text\")\n            elif \"alert\" in value:\n                alert_text = value[\"alert\"].get(\"text\")\n            raise exception_class(message, screen, stacktrace, alert_text)  # type: ignore[call-arg]  # mypy is not smart enough here\n>       raise exception_class(message, screen, stacktrace)\nE       selenium.common.exceptions.NoSuchElementException: Message: no such element: Unable to locate element: {\"method\":\"css selector\",\"selector\":\"[id=\"checkout\"]\"}\nE         (Session info: chrome=139.0.7258.138); For documentation on this error, please visit: https://www.selenium.dev/documentation/webdriver/troubleshooting/errors#nosuchelementexception\nE       Stacktrace:\nE       \tGetHandleVerifier [0x0x7ff66f5978d5+2802741]\nE       \tGetHandleVerifier [0x0x7ff66f2feb70+79568]\nE       \t(No symbol) [0x0x7ff66f09c0fa]\nE       \t(No symbol) [0x0x7ff66f0f2a96]\nE       \t(No symbol) [0x0x7ff66f0f2d4c]\nE       \t(No symbol) [0x0x7ff66f146017]\nE       \t(No symbol) [0x0x7ff66f11accf]\nE       \t(No symbol) [0x0x7ff66f142e24]\nE       \t(No symbol) [0x0x7ff66f11aa63]\nE       \t(No symbol) [0x0x7ff66f0e3c91]\nE       \t(No symbol) [0x0x7ff66f0e4a23]\nE       \tGetHandleVerifier [0x0x7ff66f5c2ced+2979917]\nE       \tGetHandleVerifier [0x0x7ff66f5bd0f3+2956371]\nE       \tGetHandleVerifier [0x0x7ff66f5dacbd+3078173]\nE       \tGetHandleVerifier [0x0x7ff66f31836e+184014]\nE       \tGetHandleVerifier [0x0x7ff66f32024f+216495]\nE       \tGetHandleVerifier [0x0x7ff66f3070c4+113700]\nE       \tGetHandleVerifier [0x0x7ff66f307279+114137]\nE       \tGetHandleVerifier [0x0x7ff66f2edf78+10968]\nE       \tBaseThreadInitThunk [0x0x7ff8384a7374+20]\nE       \tRtlUserThreadStart [0x0x7ff83873cc91+33]\n\n.venv\\lib\\site-packages\\selenium\\webdriver\\remote\\errorhandler.py:232: NoSuchElementException"}, "steps": [{"name": "Открываем страницу Saucedemo", "status": "passed", "attachments": [{"name": "Открыта страница входа", "source": "13d3f065-686f-4a47-8205-9f6a1ed96ae9-attachment.png", "type": "image/png"}], "start": 1756036796889, "stop": 1756036798861}, {"name": "Выполняем логин: 'standard_user' / 'secret_sauce'", "status": "passed", "steps": [{"name": "Вводим логин: 'standard_user'", "status": "passed", "attachments": [{"name": "Введён логин: standard_user", "source": "2f26b49b-efd9-41ea-bced-ffddf697e9fa-attachment.png", "type": "image/png"}], "parameters": [{"name": "username", "value": "'standard_user'"}], "start": 1756036798862, "stop": 1756036799265}, {"name": "Вводим пароль", "status": "passed", "attachments": [{"name": "Введён пароль", "source": "5edd5f6d-9dc8-4263-ac22-a1a7666927e1-attachment.png", "type": "image/png"}], "parameters": [{"name": "password", "value": "'secret_sauce'"}], "start": 1756036799265, "stop": 1756036799594}, {"name": "Нажимаем кнопку Вход", "status": "passed", "attachments": [{"name": "Клик по кнопке Вход", "source": "810fd32f-558e-4676-91f6-78cfc332c37e-attachment.png", "type": "image/png"}], "start": 1756036799594, "stop": 1756036800119}], "parameters": [{"name": "username", "value": "'standard_user'"}, {"name": "password", "value": "'secret_sauce'"}], "start": 1756036798861, "stop": 1756036800119}, {"name": "Добавляем товар в корзину", "status": "passed", "attachments": [{"name": "Товар добавлен в корзину", "source": "74355fce-082e-4ffc-a4fa-f67cf504a45d-attachment.png", "type": "image/png"}], "parameters": [{"name": "index", "value": "0"}], "start": 1756036800120, "stop": 1756036800500}, {"name": "Переходим в корзину", "status": "passed", "attachments": [{"name": "Переход в корзину", "source": "fe70c94b-4b13-4ec4-b302-d41f4bd427b6-attachment.png", "type": "image/png"}], "start": 1756036800500, "stop": 1756036800832}, {"name": "Нажимаем кнопку Checkout", "status": "broken", "statusDetails": {"message": "selenium.common.exceptions.NoSuchElementException: Message: no such element: Unable to locate element: {\"method\":\"css selector\",\"selector\":\"[id=\"checkout\"]\"}\n  (Session info: chrome=139.0.7258.138); For documentation on this error, please visit: https://www.selenium.dev/documentation/webdriver/troubleshooting/errors#nosuchelementexception\nStacktrace:\n\tGetHandleVerifier [0x0x7ff66f5978d5+2802741]\n\tGetHandleVerifier [0x0x7ff66f2feb70+79568]\n\t(No symbol) [0x0x7ff66f09c0fa]\n\t(No symbol) [0x0x7ff66f0f2a96]\n\t(No symbol) [0x0x7ff66f0f2d4c]\n\t(No symbol) [0x0x7ff66f146017]\n\t(No symbol) [0x0x7ff66f11accf]\n\t(No symbol) [0x0x7ff66f142e24]\n\t(No symbol) [0x0x7ff66f11aa63]\n\t(No symbol) [0x0x7ff66f0e3c91]\n\t(No symbol) [0x0x7ff66f0e4a23]\n\tGetHandleVerifier [0x0x7ff66f5c2ced+2979917]\n\tGetHandleVerifier [0x0x7ff66f5bd0f3+2956371]\n\tGetHandleVerifier [0x0x7ff66f5dacbd+3078173]\n\tGetHandleVerifier [0x0x7ff66f31836e+184014]\n\tGetHandleVerifier [0x0x7ff66f32024f+216495]\n\tGetHandleVerifier [0x0x7ff66f3070c4+113700]\n\tGetHandleVerifier [0x0x7ff66f307279+114137]\n\tGetHandleVerifier [0x0x7ff66f2edf78+10968]\n\tBaseThreadInitThunk [0x0x7ff8384a7374+20]\n\tRtlUserThreadStart [0x0x7ff83873cc91+33]\n\n", "trace": "  File \"D:\\PythonProject\\project_root\\.venv\\lib\\site-packages\\allure_commons\\_allure.py\", line 202, in impl\n    return func(*a, **kw)\n  File \"D:\\PythonProject\\project_root\\pages\\cart_page.py\", line 16, in checkout\n    self.driver.find_element(By.ID, \"checkout\").click()\n  File \"D:\\PythonProject\\project_root\\.venv\\lib\\site-packages\\selenium\\webdriver\\remote\\webdriver.py\", line 926, in find_element\n    return self.execute(Command.FIND_ELEMENT, {\"using\": by, \"value\": value})[\"value\"]\n  File \"D:\\PythonProject\\project_root\\.venv\\lib\\site-packages\\selenium\\webdriver\\remote\\webdriver.py\", line 458, in execute\n    self.error_handler.check_response(response)\n  File \"D:\\PythonProject\\project_root\\.venv\\lib\\site-packages\\selenium\\webdriver\\remote\\errorhandler.py\", line 232, in check_response\n    raise exception_class(message, screen, stacktrace)\n"}, "start": 1756036800832, "stop": 1756036800859}], "attachments": [{"name": "screenshot-on-failure", "source": "8c423942-93ac-4365-9447-e303bf1f8a49-attachment.png", "type": "image/png"}], "start": 1756036796888, "stop": 1756036800860, "uuid": "09172f37-03ff-45b3-bc2f-053b47572c3b", "historyId": "fc8d71ccae8d10d74fd99ba99974c1e4", "testCaseId": "fc8d71ccae8d10d74fd99ba99974c1e4", "fullName": "tests.ui.test_checkout#test_checkout_without_info", "labels": [{"name": "feature", "value": "UI"}, {"name": "story", "value": "Оформление заказа"}, {"name": "tag", "value": "ui"}, {"name": "parentSuite", "value": "tests.ui"}, {"name": "suite", "value": "test_checkout"}, {"name": "host", "value": "DESKTOP-MOPQG03"}, {"name": "thread", "value": "3952-MainThread"}, {"name": "framework", "value": "pytest"}, {"name": "language", "value": "cpython3"}, {"name": "package", "value": "tests.ui.test_checkout"}], "titlePath": ["tests", "ui", "test_checkout.py"]}